  Form1.cpp
C:\Users\jmari\OneDrive\Desktop\Enersol Code\Enersol-Device-Deployment-Tool\Enersol Device Deployment Tool\Enersol Device Deployment Tool\DeviceClass.h(16,3): warning C4996: 'strcpy': This function or variable may be unsafe. Consider using strcpy_s instead. To disable deprecation, use _CRT_SECURE_NO_WARNINGS. See online help for details.
C:\Users\jmari\OneDrive\Desktop\Enersol Code\Enersol-Device-Deployment-Tool\Enersol Device Deployment Tool\Enersol Device Deployment Tool\DeviceClass.h(17,3): warning C4996: 'strcpy': This function or variable may be unsafe. Consider using strcpy_s instead. To disable deprecation, use _CRT_SECURE_NO_WARNINGS. See online help for details.
C:\Users\jmari\OneDrive\Desktop\Enersol Code\Enersol-Device-Deployment-Tool\Enersol Device Deployment Tool\Enersol Device Deployment Tool\DeviceClass.h(18,3): warning C4996: 'strcpy': This function or variable may be unsafe. Consider using strcpy_s instead. To disable deprecation, use _CRT_SECURE_NO_WARNINGS. See online help for details.
C:\Users\jmari\OneDrive\Desktop\Enersol Code\Enersol-Device-Deployment-Tool\Enersol Device Deployment Tool\Enersol Device Deployment Tool\DeviceClass.h(19,3): warning C4996: 'strcpy': This function or variable may be unsafe. Consider using strcpy_s instead. To disable deprecation, use _CRT_SECURE_NO_WARNINGS. See online help for details.
C:\Users\jmari\OneDrive\Desktop\Enersol Code\Enersol-Device-Deployment-Tool\Enersol Device Deployment Tool\Enersol Device Deployment Tool\Functions.h(26,14): warning C4244: 'initializing': conversion from '__int64' to 'int', possible loss of data
C:\Users\jmari\OneDrive\Desktop\Enersol Code\Enersol-Device-Deployment-Tool\Enersol Device Deployment Tool\Enersol Device Deployment Tool\Functions.h(30,3): warning C4996: 'strcpy': This function or variable may be unsafe. Consider using strcpy_s instead. To disable deprecation, use _CRT_SECURE_NO_WARNINGS. See online help for details.
C:\Users\jmari\OneDrive\Desktop\Enersol Code\Enersol-Device-Deployment-Tool\Enersol Device Deployment Tool\Enersol Device Deployment Tool\Functions.h(42,2): warning C4996: 'wcscpy': This function or variable may be unsafe. Consider using wcscpy_s instead. To disable deprecation, use _CRT_SECURE_NO_WARNINGS. See online help for details.
C:\Users\jmari\OneDrive\Desktop\Enersol Code\Enersol-Device-Deployment-Tool\Enersol Device Deployment Tool\Enersol Device Deployment Tool\Functions.h(55,5): warning C4996: 'wcstombs': This function or variable may be unsafe. Consider using wcstombs_s instead. To disable deprecation, use _CRT_SECURE_NO_WARNINGS. See online help for details.
C:\Users\jmari\OneDrive\Desktop\Enersol Code\Enersol-Device-Deployment-Tool\Enersol Device Deployment Tool\Enersol Device Deployment Tool\Functions.h(57,5): warning C4996: 'strcat': This function or variable may be unsafe. Consider using strcat_s instead. To disable deprecation, use _CRT_SECURE_NO_WARNINGS. See online help for details.
C:\Users\jmari\OneDrive\Desktop\Enersol Code\Enersol-Device-Deployment-Tool\Enersol Device Deployment Tool\Enersol Device Deployment Tool\Functions.h(58,5): warning C4996: 'strcat': This function or variable may be unsafe. Consider using strcat_s instead. To disable deprecation, use _CRT_SECURE_NO_WARNINGS. See online help for details.
C:\Users\jmari\OneDrive\Desktop\Enersol Code\Enersol-Device-Deployment-Tool\Enersol Device Deployment Tool\Enersol Device Deployment Tool\Functions.h(70,6): warning C4996: 'wcstombs': This function or variable may be unsafe. Consider using wcstombs_s instead. To disable deprecation, use _CRT_SECURE_NO_WARNINGS. See online help for details.
C:\Users\jmari\OneDrive\Desktop\Enersol Code\Enersol-Device-Deployment-Tool\Enersol Device Deployment Tool\Enersol Device Deployment Tool\Functions.h(72,6): warning C4996: 'strcat': This function or variable may be unsafe. Consider using strcat_s instead. To disable deprecation, use _CRT_SECURE_NO_WARNINGS. See online help for details.
C:\Users\jmari\OneDrive\Desktop\Enersol Code\Enersol-Device-Deployment-Tool\Enersol Device Deployment Tool\Enersol Device Deployment Tool\Functions.h(73,6): warning C4996: 'strcat': This function or variable may be unsafe. Consider using strcat_s instead. To disable deprecation, use _CRT_SECURE_NO_WARNINGS. See online help for details.
C:\Users\jmari\OneDrive\Desktop\Enersol Code\Enersol-Device-Deployment-Tool\Enersol Device Deployment Tool\Enersol Device Deployment Tool\Form1.h(218,1): error C2059: syntax error: '}'
C:\Users\jmari\OneDrive\Desktop\Enersol Code\Enersol-Device-Deployment-Tool\Enersol Device Deployment Tool\Enersol Device Deployment Tool\Form1.h(218,1): error C2143: syntax error: missing ';' before '}'
C:\Users\jmari\OneDrive\Desktop\Enersol Code\Enersol-Device-Deployment-Tool\Enersol Device Deployment Tool\Enersol Device Deployment Tool\Form1.h(219,1): error C2059: syntax error: '}'
C:\Users\jmari\OneDrive\Desktop\Enersol Code\Enersol-Device-Deployment-Tool\Enersol Device Deployment Tool\Enersol Device Deployment Tool\Form1.h(219,1): error C2143: syntax error: missing ';' before '}'
C:\Users\jmari\OneDrive\Desktop\Enersol Code\Enersol-Device-Deployment-Tool\Enersol Device Deployment Tool\Enersol Device Deployment Tool\Form1.cpp(12,1): warning C4829: Possibly incorrect parameters to function main. Consider 'int main(Platform::Array<Platform::String^>^ argv)'
C:\Users\jmari\OneDrive\Desktop\Enersol Code\Enersol-Device-Deployment-Tool\Enersol Device Deployment Tool\Enersol Device Deployment Tool\Form1.cpp(40,33): error C2065: 'tbHexFile': undeclared identifier
C:\Users\jmari\OneDrive\Desktop\Enersol Code\Enersol-Device-Deployment-Tool\Enersol Device Deployment Tool\Enersol Device Deployment Tool\Form1.cpp(51,12): error C2065: 'tbHexFile': undeclared identifier
  Globals.cpp
C:\Users\jmari\OneDrive\Desktop\Enersol Code\Enersol-Device-Deployment-Tool\Enersol Device Deployment Tool\Enersol Device Deployment Tool\DeviceClass.h(16,3): warning C4996: 'strcpy': This function or variable may be unsafe. Consider using strcpy_s instead. To disable deprecation, use _CRT_SECURE_NO_WARNINGS. See online help for details.
C:\Users\jmari\OneDrive\Desktop\Enersol Code\Enersol-Device-Deployment-Tool\Enersol Device Deployment Tool\Enersol Device Deployment Tool\DeviceClass.h(17,3): warning C4996: 'strcpy': This function or variable may be unsafe. Consider using strcpy_s instead. To disable deprecation, use _CRT_SECURE_NO_WARNINGS. See online help for details.
C:\Users\jmari\OneDrive\Desktop\Enersol Code\Enersol-Device-Deployment-Tool\Enersol Device Deployment Tool\Enersol Device Deployment Tool\DeviceClass.h(18,3): warning C4996: 'strcpy': This function or variable may be unsafe. Consider using strcpy_s instead. To disable deprecation, use _CRT_SECURE_NO_WARNINGS. See online help for details.
C:\Users\jmari\OneDrive\Desktop\Enersol Code\Enersol-Device-Deployment-Tool\Enersol Device Deployment Tool\Enersol Device Deployment Tool\DeviceClass.h(19,3): warning C4996: 'strcpy': This function or variable may be unsafe. Consider using strcpy_s instead. To disable deprecation, use _CRT_SECURE_NO_WARNINGS. See online help for details.
  .NETFramework,Version=v4.7.2.AssemblyAttributes.cpp
  Generating Code...
