c:\users\jmarini\desktop\enersol code\enersol firmware update tool\enersol firmware update tool\x64\release\vc143.pdb
c:\users\jmarini\desktop\enersol code\enersol firmware update tool\enersol firmware update tool\x64\release\.netframework,version=v4.7.2.assemblyattributes.obj
c:\users\jmarini\desktop\enersol code\enersol firmware update tool\enersol firmware update tool\x64\release\globals.obj
c:\users\jmarini\desktop\enersol code\enersol firmware update tool\enersol firmware update tool\x64\release\mainform.obj
c:\users\jmarini\desktop\enersol code\enersol firmware update tool\x64\release\enersol firmware update tool.exe
c:\users\jmarini\desktop\enersol code\enersol firmware update tool\x64\release\enersol firmware update tool.pdb
c:\users\jmari\onedrive\desktop\enersol code\enersol firmware update tool\enersol firmware update tool\x64\release\enersol firmware update tool.vcxproj.assemblyreference.cache
c:\users\jmari\onedrive\desktop\enersol code\enersol firmware update tool\enersol firmware update tool\x64\release\enersol firmware update tool.vcxproj.generateresource.cache
c:\users\jmari\onedrive\desktop\enersol code\enersol firmware update tool\enersol firmware update tool\x64\release\enersol firmware update tool.vcxproj.suggestedbindingredirects.cache
c:\users\jmari\onedrive\desktop\enersol code\enersol firmware update tool\enersol firmware update tool\x64\release\.netframework,version=v4.7.2.assemblyattributes.obj
c:\users\jmari\onedrive\desktop\enersol code\enersol firmware update tool\enersol firmware update tool\x64\release\globals.obj
c:\users\jmari\onedrive\desktop\enersol code\enersol firmware update tool\enersol firmware update tool\x64\release\mainform.obj
c:\users\jmari\onedrive\desktop\enersol code\enersol firmware update tool\enersol firmware update tool\x64\release\enersolfirmwareupdatetool.mainform.resources
c:\users\jmari\onedrive\desktop\enersol code\enersol firmware update tool\enersol firmware update tool\x64\release\vc143.pdb
c:\users\jmari\onedrive\desktop\enersol code\enersol firmware update tool\x64\release\enersol firmware update tool.pdb
c:\users\jmari\onedrive\desktop\enersol code\enersol firmware update tool\x64\release\enersol firmware update tool.exe
c:\users\jmari\onedrive\desktop\enersol code\enersol firmware update tool\enersol firmware update tool\x64\release\enersol .edef3dac.tlog\cl.command.1.tlog
c:\users\jmari\onedrive\desktop\enersol code\enersol firmware update tool\enersol firmware update tool\x64\release\enersol .edef3dac.tlog\cl.items.tlog
c:\users\jmari\onedrive\desktop\enersol code\enersol firmware update tool\enersol firmware update tool\x64\release\enersol .edef3dac.tlog\cl.read.1.tlog
c:\users\jmari\onedrive\desktop\enersol code\enersol firmware update tool\enersol firmware update tool\x64\release\enersol .edef3dac.tlog\cl.write.1.tlog
c:\users\jmari\onedrive\desktop\enersol code\enersol firmware update tool\enersol firmware update tool\x64\release\enersol .edef3dac.tlog\link.command.1.tlog
c:\users\jmari\onedrive\desktop\enersol code\enersol firmware update tool\enersol firmware update tool\x64\release\enersol .edef3dac.tlog\link.read.1.tlog
c:\users\jmari\onedrive\desktop\enersol code\enersol firmware update tool\enersol firmware update tool\x64\release\enersol .edef3dac.tlog\link.write.1.tlog
c:\users\jmari\onedrive\desktop\enersol code\enersol firmware update tool\enersol firmware update tool\x64\release\enersol .edef3dac.tlog\metagen.read.1.tlog
c:\users\jmari\onedrive\desktop\enersol code\enersol firmware update tool\enersol firmware update tool\x64\release\enersol .edef3dac.tlog\metagen.write.1.tlog
c:\users\jmari\onedrive\desktop\enersol code\enersol firmware update tool\enersol firmware update tool\x64\release\enersol .edef3dac.tlog\resgen.command.1.tlog
c:\users\jmari\onedrive\desktop\enersol code\enersol firmware update tool\enersol firmware update tool\x64\release\enersol .edef3dac.tlog\resgen.read.1.tlog
c:\users\jmari\onedrive\desktop\enersol code\enersol firmware update tool\enersol firmware update tool\x64\release\enersol .edef3dac.tlog\resgen.write.1.tlog
