C:\Program Files\Microsoft Visual Studio\2022\Community\MSBuild\Microsoft\VC\v170\Microsoft.BuildSteps.Targets(68,9): warning MSB3491: Could not write lines to file "x64\Release\.NETFramework,Version=v4.7.2.AssemblyAttributes.cpp". Access to the path 'C:\Users\jmari\OneDrive\Desktop\Enersol Code\Enersol Firmware Update Tool\Enersol Firmware Update Tool\x64\Release\.NETFramework,Version=v4.7.2.AssemblyAttributes.cpp' is denied.
  MainForm.cpp
C:\Users\jmari\OneDrive\Desktop\Enersol Code\Enersol Firmware Update Tool\Enersol Firmware Update Tool\DeviceClass.h(16,3): warning C4996: 'strcpy': This function or variable may be unsafe. Consider using strcpy_s instead. To disable deprecation, use _CRT_SECURE_NO_WARNINGS. See online help for details.
C:\Users\jmari\OneDrive\Desktop\Enersol Code\Enersol Firmware Update Tool\Enersol Firmware Update Tool\DeviceClass.h(17,3): warning C4996: 'strcpy': This function or variable may be unsafe. Consider using strcpy_s instead. To disable deprecation, use _CRT_SECURE_NO_WARNINGS. See online help for details.
C:\Users\jmari\OneDrive\Desktop\Enersol Code\Enersol Firmware Update Tool\Enersol Firmware Update Tool\DeviceClass.h(18,3): warning C4996: 'strcpy': This function or variable may be unsafe. Consider using strcpy_s instead. To disable deprecation, use _CRT_SECURE_NO_WARNINGS. See online help for details.
C:\Users\jmari\OneDrive\Desktop\Enersol Code\Enersol Firmware Update Tool\Enersol Firmware Update Tool\DeviceClass.h(19,3): warning C4996: 'strcpy': This function or variable may be unsafe. Consider using strcpy_s instead. To disable deprecation, use _CRT_SECURE_NO_WARNINGS. See online help for details.
C:\Users\jmari\OneDrive\Desktop\Enersol Code\Enersol Firmware Update Tool\Enersol Firmware Update Tool\Functions.h(26,14): warning C4244: 'initializing': conversion from '__int64' to 'int', possible loss of data
C:\Users\jmari\OneDrive\Desktop\Enersol Code\Enersol Firmware Update Tool\Enersol Firmware Update Tool\Functions.h(30,3): warning C4996: 'strcpy': This function or variable may be unsafe. Consider using strcpy_s instead. To disable deprecation, use _CRT_SECURE_NO_WARNINGS. See online help for details.
C:\Users\jmari\OneDrive\Desktop\Enersol Code\Enersol Firmware Update Tool\Enersol Firmware Update Tool\Functions.h(42,2): warning C4996: 'wcscpy': This function or variable may be unsafe. Consider using wcscpy_s instead. To disable deprecation, use _CRT_SECURE_NO_WARNINGS. See online help for details.
C:\Users\jmari\OneDrive\Desktop\Enersol Code\Enersol Firmware Update Tool\Enersol Firmware Update Tool\Functions.h(57,5): warning C4996: 'strcat': This function or variable may be unsafe. Consider using strcat_s instead. To disable deprecation, use _CRT_SECURE_NO_WARNINGS. See online help for details.
C:\Users\jmari\OneDrive\Desktop\Enersol Code\Enersol Firmware Update Tool\Enersol Firmware Update Tool\Functions.h(58,5): warning C4996: 'strcat': This function or variable may be unsafe. Consider using strcat_s instead. To disable deprecation, use _CRT_SECURE_NO_WARNINGS. See online help for details.
C:\Users\jmari\OneDrive\Desktop\Enersol Code\Enersol Firmware Update Tool\Enersol Firmware Update Tool\Functions.h(72,6): warning C4996: 'strcat': This function or variable may be unsafe. Consider using strcat_s instead. To disable deprecation, use _CRT_SECURE_NO_WARNINGS. See online help for details.
C:\Users\jmari\OneDrive\Desktop\Enersol Code\Enersol Firmware Update Tool\Enersol Firmware Update Tool\Functions.h(73,6): warning C4996: 'strcat': This function or variable may be unsafe. Consider using strcat_s instead. To disable deprecation, use _CRT_SECURE_NO_WARNINGS. See online help for details.
C:\Users\jmari\OneDrive\Desktop\Enersol Code\Enersol Firmware Update Tool\Enersol Firmware Update Tool\Functions.h(42,9): warning C4996: 'wcscpy': This function or variable may be unsafe. Consider using wcscpy_s instead. To disable deprecation, use _CRT_SECURE_NO_WARNINGS. See online help for details.
C:\Users\jmari\OneDrive\Desktop\Enersol Code\Enersol Firmware Update Tool\Enersol Firmware Update Tool\Functions.h(55,5): warning C4996: 'wcstombs': This function or variable may be unsafe. Consider using wcstombs_s instead. To disable deprecation, use _CRT_SECURE_NO_WARNINGS. See online help for details.
C:\Users\jmari\OneDrive\Desktop\Enersol Code\Enersol Firmware Update Tool\Enersol Firmware Update Tool\Functions.h(70,6): warning C4996: 'wcstombs': This function or variable may be unsafe. Consider using wcstombs_s instead. To disable deprecation, use _CRT_SECURE_NO_WARNINGS. See online help for details.
C:\Users\jmari\OneDrive\Desktop\Enersol Code\Enersol Firmware Update Tool\Enersol Firmware Update Tool\MainForm.cpp(12,1): warning C4829: Possibly incorrect parameters to function main. Consider 'int main(Platform::Array<Platform::String^>^ argv)'
  Globals.cpp
C:\Users\jmari\OneDrive\Desktop\Enersol Code\Enersol Firmware Update Tool\Enersol Firmware Update Tool\DeviceClass.h(16,3): warning C4996: 'strcpy': This function or variable may be unsafe. Consider using strcpy_s instead. To disable deprecation, use _CRT_SECURE_NO_WARNINGS. See online help for details.
C:\Users\jmari\OneDrive\Desktop\Enersol Code\Enersol Firmware Update Tool\Enersol Firmware Update Tool\DeviceClass.h(17,3): warning C4996: 'strcpy': This function or variable may be unsafe. Consider using strcpy_s instead. To disable deprecation, use _CRT_SECURE_NO_WARNINGS. See online help for details.
C:\Users\jmari\OneDrive\Desktop\Enersol Code\Enersol Firmware Update Tool\Enersol Firmware Update Tool\DeviceClass.h(18,3): warning C4996: 'strcpy': This function or variable may be unsafe. Consider using strcpy_s instead. To disable deprecation, use _CRT_SECURE_NO_WARNINGS. See online help for details.
C:\Users\jmari\OneDrive\Desktop\Enersol Code\Enersol Firmware Update Tool\Enersol Firmware Update Tool\DeviceClass.h(19,3): warning C4996: 'strcpy': This function or variable may be unsafe. Consider using strcpy_s instead. To disable deprecation, use _CRT_SECURE_NO_WARNINGS. See online help for details.
  .NETFramework,Version=v4.7.2.AssemblyAttributes.cpp
  Generating Code...
  MainForm.obj : MSIL module encountered; incremental linking is disabled for MSIL; performing full link
  Enersol Firmware Update Tool.vcxproj -> C:\Users\jmari\OneDrive\Desktop\Enersol Code\Enersol Firmware Update Tool\x64\Release\Enersol Firmware Update Tool.exe
